  BodyBasics.cpp
BodyBasics.obj : error LNK2019: unresolved external symbol __imp__bind@12 referenced in function "public: void __thiscall UdpSocket::Implementation::Bind(class IpEndpointName const &)" (?Bind@Implementation@UdpSocket@@QAEXABVIpEndpointName@@@Z)
BodyBasics.obj : error LNK2019: unresolved external symbol __imp__closesocket@4 referenced in function "public: __thiscall UdpSocket::Implementation::~Implementation(void)" (??1Implementation@UdpSocket@@QAE@XZ)
BodyBasics.obj : error LNK2019: unresolved external symbol __imp__connect@12 referenced in function "public: void __thiscall UdpSocket::Implementation::Connect(class IpEndpointName const &)" (?Connect@Implementation@UdpSocket@@QAEXABVIpEndpointName@@@Z)
BodyBasics.obj : error LNK2019: unresolved external symbol __imp__ioctlsocket@12 referenced in function "public: void __thiscall SocketReceiveMultiplexer::Implementation::Run(void)" (?Run@Implementation@SocketReceiveMultiplexer@@QAEXXZ)
BodyBasics.obj : error LNK2019: unresolved external symbol __imp__getsockname@12 referenced in function "public: class IpEndpointName __thiscall UdpSocket::Implementation::LocalEndpointFor(class IpEndpointName const &)const " (?LocalEndpointFor@Implementation@UdpSocket@@QBE?AVIpEndpointName@@ABV3@@Z)
BodyBasics.obj : error LNK2019: unresolved external symbol __imp__htonl@4 referenced in function "public: void __thiscall UdpSocket::Implementation::SendTo(class IpEndpointName const &,char const *,unsigned int)" (?SendTo@Implementation@UdpSocket@@QAEXABVIpEndpointName@@PBDI@Z)
BodyBasics.obj : error LNK2019: unresolved external symbol __imp__htons@4 referenced in function "public: void __thiscall UdpSocket::Implementation::SendTo(class IpEndpointName const &,char const *,unsigned int)" (?SendTo@Implementation@UdpSocket@@QAEXABVIpEndpointName@@PBDI@Z)
BodyBasics.obj : error LNK2019: unresolved external symbol __imp__ntohl@4 referenced in function "unsigned long __cdecl GetHostByName(char const *)" (?GetHostByName@@YAKPBD@Z)
BodyBasics.obj : error LNK2019: unresolved external symbol __imp__ntohs@4 referenced in function "class IpEndpointName __cdecl IpEndpointNameFromSockaddr(struct sockaddr_in const &)" (?IpEndpointNameFromSockaddr@@YA?AVIpEndpointName@@ABUsockaddr_in@@@Z)
BodyBasics.obj : error LNK2019: unresolved external symbol __imp__recvfrom@24 referenced in function "public: unsigned int __thiscall UdpSocket::Implementation::ReceiveFrom(class IpEndpointName &,char *,unsigned int)" (?ReceiveFrom@Implementation@UdpSocket@@QAEIAAVIpEndpointName@@PADI@Z)
BodyBasics.obj : error LNK2019: unresolved external symbol __imp__send@16 referenced in function "public: void __thiscall UdpSocket::Implementation::Send(char const *,unsigned int)" (?Send@Implementation@UdpSocket@@QAEXPBDI@Z)
BodyBasics.obj : error LNK2019: unresolved external symbol __imp__sendto@24 referenced in function "public: void __thiscall UdpSocket::Implementation::SendTo(class IpEndpointName const &,char const *,unsigned int)" (?SendTo@Implementation@UdpSocket@@QAEXABVIpEndpointName@@PBDI@Z)
BodyBasics.obj : error LNK2019: unresolved external symbol __imp__setsockopt@20 referenced in function "public: void __thiscall UdpSocket::Implementation::SetAllowReuse(bool)" (?SetAllowReuse@Implementation@UdpSocket@@QAEX_N@Z)
BodyBasics.obj : error LNK2019: unresolved external symbol __imp__socket@12 referenced in function "public: __thiscall UdpSocket::Implementation::Implementation(void)" (??0Implementation@UdpSocket@@QAE@XZ)
BodyBasics.obj : error LNK2019: unresolved external symbol __imp__gethostbyname@4 referenced in function "unsigned long __cdecl GetHostByName(char const *)" (?GetHostByName@@YAKPBD@Z)
BodyBasics.obj : error LNK2019: unresolved external symbol __imp__WSAStartup@8 referenced in function "public: __thiscall NetworkInitializer::NetworkInitializer(void)" (??0NetworkInitializer@@QAE@XZ)
BodyBasics.obj : error LNK2019: unresolved external symbol __imp__WSACleanup@0 referenced in function "public: __thiscall NetworkInitializer::~NetworkInitializer(void)" (??1NetworkInitializer@@QAE@XZ)
BodyBasics.obj : error LNK2019: unresolved external symbol __imp__WSAGetLastError@0 referenced in function "public: class IpEndpointName __thiscall UdpSocket::Implementation::LocalEndpointFor(class IpEndpointName const &)const " (?LocalEndpointFor@Implementation@UdpSocket@@QBE?AVIpEndpointName@@ABV3@@Z)
BodyBasics.obj : error LNK2019: unresolved external symbol __imp__WSAEventSelect@12 referenced in function "public: void __thiscall SocketReceiveMultiplexer::Implementation::Run(void)" (?Run@Implementation@SocketReceiveMultiplexer@@QAEXXZ)
BodyBasics.obj : error LNK2019: unresolved external symbol __imp__timeGetTime@0 referenced in function "private: double __thiscall SocketReceiveMultiplexer::Implementation::GetCurrentTimeMs(void)const " (?GetCurrentTimeMs@Implementation@SocketReceiveMultiplexer@@ABENXZ)
BodyBasics.obj : error LNK2001: unresolved external symbol "struct osc::BundleInitiator osc::BeginBundleImmediate" (?BeginBundleImmediate@osc@@3UBundleInitiator@1@A)
BodyBasics.obj : error LNK2001: unresolved external symbol "struct osc::BundleTerminator osc::EndBundle" (?EndBundle@osc@@3UBundleTerminator@1@A)
BodyBasics.obj : error LNK2001: unresolved external symbol "struct osc::MessageTerminator osc::EndMessage" (?EndMessage@osc@@3UMessageTerminator@1@A)
D:\Visual Studio Projects\Kinect SDK\BodyBasics-D2D\Debug\BodyBasics-D2D.exe : fatal error LNK1120: 23 unresolved externals
